<?xml version="1.0" encoding="UTF-8"?>
<testsuite name="com.nuwan.gatewayservice.GatewayServiceApplicationTests" tests="1" skipped="0" failures="0" errors="0" timestamp="2018-11-04T08:20:08" hostname="nuwan-VirtualBox" time="0.365">
  <properties/>
  <testcase name="contextLoads" classname="com.nuwan.gatewayservice.GatewayServiceApplicationTests" time="0.365"/>
  <system-out><![CDATA[13:49:49.088 [Test worker] DEBUG org.springframework.test.context.junit4.SpringJUnit4ClassRunner - SpringJUnit4ClassRunner constructor called with [class com.nuwan.gatewayservice.GatewayServiceApplicationTests]
13:49:49.100 [Test worker] DEBUG org.springframework.test.context.BootstrapUtils - Instantiating CacheAwareContextLoaderDelegate from class [org.springframework.test.context.cache.DefaultCacheAwareContextLoaderDelegate]
13:49:49.113 [Test worker] DEBUG org.springframework.test.context.BootstrapUtils - Instantiating BootstrapContext using constructor [public org.springframework.test.context.support.DefaultBootstrapContext(java.lang.Class,org.springframework.test.context.CacheAwareContextLoaderDelegate)]
13:49:49.145 [Test worker] DEBUG org.springframework.test.context.BootstrapUtils - Instantiating TestContextBootstrapper for test class [com.nuwan.gatewayservice.GatewayServiceApplicationTests] from class [org.springframework.boot.test.context.SpringBootTestContextBootstrapper]
13:49:49.168 [Test worker] INFO org.springframework.boot.test.context.SpringBootTestContextBootstrapper - Neither @ContextConfiguration nor @ContextHierarchy found for test class [com.nuwan.gatewayservice.GatewayServiceApplicationTests], using SpringBootContextLoader
13:49:49.177 [Test worker] DEBUG org.springframework.test.context.support.AbstractContextLoader - Did not detect default resource location for test class [com.nuwan.gatewayservice.GatewayServiceApplicationTests]: class path resource [com/nuwan/gatewayservice/GatewayServiceApplicationTests-context.xml] does not exist
13:49:49.178 [Test worker] DEBUG org.springframework.test.context.support.AbstractContextLoader - Did not detect default resource location for test class [com.nuwan.gatewayservice.GatewayServiceApplicationTests]: class path resource [com/nuwan/gatewayservice/GatewayServiceApplicationTestsContext.groovy] does not exist
13:49:49.179 [Test worker] INFO org.springframework.test.context.support.AbstractContextLoader - Could not detect default resource locations for test class [com.nuwan.gatewayservice.GatewayServiceApplicationTests]: no resource found for suffixes {-context.xml, Context.groovy}.
13:49:49.181 [Test worker] INFO org.springframework.test.context.support.AnnotationConfigContextLoaderUtils - Could not detect default configuration classes for test class [com.nuwan.gatewayservice.GatewayServiceApplicationTests]: GatewayServiceApplicationTests does not declare any static, non-private, non-final, nested classes annotated with @Configuration.
13:49:49.274 [Test worker] DEBUG org.springframework.test.context.support.ActiveProfilesUtils - Could not find an 'annotation declaring class' for annotation type [org.springframework.test.context.ActiveProfiles] and class [com.nuwan.gatewayservice.GatewayServiceApplicationTests]
13:49:49.402 [Test worker] DEBUG org.springframework.context.annotation.ClassPathScanningCandidateComponentProvider - Identified candidate component class: file [/home/nuwan/spring-clould-java/gateway-service/build/classes/java/main/com/nuwan/gatewayservice/GatewayServiceApplication.class]
13:49:49.406 [Test worker] INFO org.springframework.boot.test.context.SpringBootTestContextBootstrapper - Found @SpringBootConfiguration com.nuwan.gatewayservice.GatewayServiceApplication for test class com.nuwan.gatewayservice.GatewayServiceApplicationTests
13:49:49.604 [Test worker] DEBUG org.springframework.boot.test.context.SpringBootTestContextBootstrapper - @TestExecutionListeners is not present for class [com.nuwan.gatewayservice.GatewayServiceApplicationTests]: using defaults.
13:49:49.607 [Test worker] INFO org.springframework.boot.test.context.SpringBootTestContextBootstrapper - Loaded default TestExecutionListener class names from location [META-INF/spring.factories]: [org.springframework.boot.test.autoconfigure.restdocs.RestDocsTestExecutionListener, org.springframework.boot.test.autoconfigure.web.client.MockRestServiceServerResetTestExecutionListener, org.springframework.boot.test.autoconfigure.web.servlet.MockMvcPrintOnlyOnFailureTestExecutionListener, org.springframework.boot.test.autoconfigure.web.servlet.WebDriverTestExecutionListener, org.springframework.boot.test.mock.mockito.MockitoTestExecutionListener, org.springframework.boot.test.mock.mockito.ResetMocksTestExecutionListener, org.springframework.test.context.web.ServletTestExecutionListener, org.springframework.test.context.support.DirtiesContextBeforeModesTestExecutionListener, org.springframework.test.context.support.DependencyInjectionTestExecutionListener, org.springframework.test.context.support.DirtiesContextTestExecutionListener, org.springframework.test.context.transaction.TransactionalTestExecutionListener, org.springframework.test.context.jdbc.SqlScriptsTestExecutionListener]
13:49:49.623 [Test worker] DEBUG org.springframework.boot.test.context.SpringBootTestContextBootstrapper - Skipping candidate TestExecutionListener [org.springframework.test.context.transaction.TransactionalTestExecutionListener] due to a missing dependency. Specify custom listener classes or make the default listener classes and their required dependencies available. Offending class: [org/springframework/transaction/TransactionDefinition]
13:49:49.624 [Test worker] DEBUG org.springframework.boot.test.context.SpringBootTestContextBootstrapper - Skipping candidate TestExecutionListener [org.springframework.test.context.jdbc.SqlScriptsTestExecutionListener] due to a missing dependency. Specify custom listener classes or make the default listener classes and their required dependencies available. Offending class: [org/springframework/transaction/interceptor/TransactionAttribute]
13:49:49.626 [Test worker] INFO org.springframework.boot.test.context.SpringBootTestContextBootstrapper - Using TestExecutionListeners: [org.springframework.test.context.web.ServletTestExecutionListener@2f825962, org.springframework.test.context.support.DirtiesContextBeforeModesTestExecutionListener@6443db36, org.springframework.boot.test.mock.mockito.MockitoTestExecutionListener@50a475ab, org.springframework.boot.test.autoconfigure.SpringBootDependencyInjectionTestExecutionListener@54cd696d, org.springframework.test.context.support.DirtiesContextTestExecutionListener@693963df, org.springframework.boot.test.autoconfigure.restdocs.RestDocsTestExecutionListener@13d98fa5, org.springframework.boot.test.autoconfigure.web.client.MockRestServiceServerResetTestExecutionListener@6023b958, org.springframework.boot.test.autoconfigure.web.servlet.MockMvcPrintOnlyOnFailureTestExecutionListener@5f9a3230, org.springframework.boot.test.autoconfigure.web.servlet.WebDriverTestExecutionListener@7d9f8587, org.springframework.boot.test.mock.mockito.ResetMocksTestExecutionListener@22648936]
13:49:49.631 [Test worker] DEBUG org.springframework.test.annotation.ProfileValueUtils - Retrieved @ProfileValueSourceConfiguration [null] for test class [com.nuwan.gatewayservice.GatewayServiceApplicationTests]
13:49:49.632 [Test worker] DEBUG org.springframework.test.annotation.ProfileValueUtils - Retrieved ProfileValueSource type [class org.springframework.test.annotation.SystemProfileValueSource] for class [com.nuwan.gatewayservice.GatewayServiceApplicationTests]
13:49:49.634 [Test worker] DEBUG org.springframework.test.annotation.ProfileValueUtils - Retrieved @ProfileValueSourceConfiguration [null] for test class [com.nuwan.gatewayservice.GatewayServiceApplicationTests]
13:49:49.635 [Test worker] DEBUG org.springframework.test.annotation.ProfileValueUtils - Retrieved ProfileValueSource type [class org.springframework.test.annotation.SystemProfileValueSource] for class [com.nuwan.gatewayservice.GatewayServiceApplicationTests]
13:49:49.649 [Test worker] DEBUG org.springframework.test.context.support.AbstractDirtiesContextTestExecutionListener - Before test class: context [DefaultTestContext@483fc0f0 testClass = GatewayServiceApplicationTests, testInstance = [null], testMethod = [null], testException = [null], mergedContextConfiguration = [WebMergedContextConfiguration@4d8e8607 testClass = GatewayServiceApplicationTests, locations = '{}', classes = '{class com.nuwan.gatewayservice.GatewayServiceApplication}', contextInitializerClasses = '[]', activeProfiles = '{}', propertySourceLocations = '{}', propertySourceProperties = '{org.springframework.boot.test.context.SpringBootTestContextBootstrapper=true}', contextCustomizers = set[org.springframework.boot.test.autoconfigure.properties.PropertyMappingContextCustomizer@0, org.springframework.boot.test.autoconfigure.web.servlet.WebDriverContextCustomizerFactory$Customizer@6571e769, org.springframework.boot.test.context.filter.ExcludeFilterContextCustomizer@1ef0aa57, org.springframework.boot.test.json.DuplicateJsonObjectContextCustomizerFactory$DuplicateJsonObjectContextCustomizer@4d8bb306, org.springframework.boot.test.mock.mockito.MockitoContextCustomizer@0, org.springframework.boot.test.web.client.TestRestTemplateContextCustomizer@1315cb81], resourceBasePath = 'src/main/webapp', contextLoader = 'org.springframework.boot.test.context.SpringBootContextLoader', parent = [null]], attributes = map['org.springframework.test.context.web.ServletTestExecutionListener.activateListener' -> true]], class annotated with @DirtiesContext [false] with mode [null].
13:49:49.651 [Test worker] DEBUG org.springframework.test.annotation.ProfileValueUtils - Retrieved @ProfileValueSourceConfiguration [null] for test class [com.nuwan.gatewayservice.GatewayServiceApplicationTests]
13:49:49.653 [Test worker] DEBUG org.springframework.test.annotation.ProfileValueUtils - Retrieved ProfileValueSource type [class org.springframework.test.annotation.SystemProfileValueSource] for class [com.nuwan.gatewayservice.GatewayServiceApplicationTests]
13:49:49.693 [Test worker] DEBUG org.springframework.test.context.support.TestPropertySourceUtils - Adding inlined properties to environment: {spring.jmx.enabled=false, org.springframework.boot.test.context.SpringBootTestContextBootstrapper=true, server.port=-1}
2018-11-04 13:49:51.541  INFO 5291 --- [    Test worker] trationDelegate$BeanPostProcessorChecker : Bean 'configurationPropertiesRebinderAutoConfiguration' of type [org.springframework.cloud.autoconfigure.ConfigurationPropertiesRebinderAutoConfiguration$$EnhancerBySpringCGLIB$$1641e954] is not eligible for getting processed by all BeanPostProcessors (for example: not eligible for auto-proxying)

  .   ____          _            __ _ _
 /\\ / ___'_ __ _ _(_)_ __  __ _ \ \ \ \
( ( )\___ | '_ | '_| | '_ \/ _` | \ \ \ \
 \\/  ___)| |_)| | | | | || (_| |  ) ) ) )
  '  |____| .__|_| |_|_| |_\__, | / / / /
 =========|_|==============|___/=/_/_/_/
 :: Spring Boot ::        (v2.1.0.RELEASE)

2018-11-04 13:49:52.325  INFO 5291 --- [    Test worker] c.n.g.GatewayServiceApplicationTests     : No active profile set, falling back to default profiles: default
2018-11-04 13:49:54.553  WARN 5291 --- [    Test worker] o.s.boot.actuate.endpoint.EndpointId     : Endpoint ID 'service-registry' contains invalid characters, please migrate to a valid format.
2018-11-04 13:49:54.577  WARN 5291 --- [    Test worker] o.s.boot.actuate.endpoint.EndpointId     : Endpoint ID 'hystrix.stream' contains invalid characters, please migrate to a valid format.
2018-11-04 13:49:55.350  INFO 5291 --- [    Test worker] o.s.cloud.context.scope.GenericScope     : BeanFactory id=767885d8-4f5e-3944-ba51-533206a0df62
2018-11-04 13:49:56.379  INFO 5291 --- [    Test worker] trationDelegate$BeanPostProcessorChecker : Bean 'org.springframework.cloud.autoconfigure.ConfigurationPropertiesRebinderAutoConfiguration' of type [org.springframework.cloud.autoconfigure.ConfigurationPropertiesRebinderAutoConfiguration$$EnhancerBySpringCGLIB$$1641e954] is not eligible for getting processed by all BeanPostProcessors (for example: not eligible for auto-proxying)
2018-11-04 13:49:57.479  WARN 5291 --- [    Test worker] c.n.c.sources.URLConfigurationSource     : No URLs will be polled as dynamic configuration sources.
2018-11-04 13:49:57.480  INFO 5291 --- [    Test worker] c.n.c.sources.URLConfigurationSource     : To enable URLs as dynamic configuration sources, define System property archaius.configurationSource.additionalUrls or make config.properties available on classpath.
2018-11-04 13:49:57.490  WARN 5291 --- [    Test worker] c.n.c.sources.URLConfigurationSource     : No URLs will be polled as dynamic configuration sources.
2018-11-04 13:49:57.490  INFO 5291 --- [    Test worker] c.n.c.sources.URLConfigurationSource     : To enable URLs as dynamic configuration sources, define System property archaius.configurationSource.additionalUrls or make config.properties available on classpath.
2018-11-04 13:49:58.702  INFO 5291 --- [    Test worker] o.s.s.concurrent.ThreadPoolTaskExecutor  : Initializing ExecutorService 'applicationTaskExecutor'
2018-11-04 13:50:00.372  INFO 5291 --- [    Test worker] o.s.c.n.eureka.InstanceInfoFactory       : Setting initial instance status as: STARTING
2018-11-04 13:50:00.509  INFO 5291 --- [    Test worker] com.netflix.discovery.DiscoveryClient    : Initializing Eureka in region us-east-1
2018-11-04 13:50:01.545  INFO 5291 --- [    Test worker] c.n.d.provider.DiscoveryJerseyProvider   : Using JSON encoding codec LegacyJacksonJson
2018-11-04 13:50:01.548  INFO 5291 --- [    Test worker] c.n.d.provider.DiscoveryJerseyProvider   : Using JSON decoding codec LegacyJacksonJson
2018-11-04 13:50:01.861  INFO 5291 --- [    Test worker] c.n.d.provider.DiscoveryJerseyProvider   : Using XML encoding codec XStreamXml
2018-11-04 13:50:01.862  INFO 5291 --- [    Test worker] c.n.d.provider.DiscoveryJerseyProvider   : Using XML decoding codec XStreamXml
2018-11-04 13:50:02.549  INFO 5291 --- [    Test worker] c.n.d.s.r.aws.ConfigClusterResolver      : Resolving eureka endpoints via configuration
2018-11-04 13:50:02.602  INFO 5291 --- [    Test worker] com.netflix.discovery.DiscoveryClient    : Disable delta property : false
2018-11-04 13:50:02.604  INFO 5291 --- [    Test worker] com.netflix.discovery.DiscoveryClient    : Single vip registry refresh property : null
2018-11-04 13:50:02.605  INFO 5291 --- [    Test worker] com.netflix.discovery.DiscoveryClient    : Force full registry fetch : false
2018-11-04 13:50:02.606  INFO 5291 --- [    Test worker] com.netflix.discovery.DiscoveryClient    : Application is null : false
2018-11-04 13:50:02.607  INFO 5291 --- [    Test worker] com.netflix.discovery.DiscoveryClient    : Registered Applications size is zero : true
2018-11-04 13:50:02.607  INFO 5291 --- [    Test worker] com.netflix.discovery.DiscoveryClient    : Application version is -1: true
2018-11-04 13:50:02.608  INFO 5291 --- [    Test worker] com.netflix.discovery.DiscoveryClient    : Getting all instance registry info from the eureka server
2018-11-04 13:50:03.784  INFO 5291 --- [    Test worker] com.netflix.discovery.DiscoveryClient    : The response status is 200
2018-11-04 13:50:03.844  INFO 5291 --- [    Test worker] com.netflix.discovery.DiscoveryClient    : Starting heartbeat executor: renew interval is: 30
2018-11-04 13:50:03.859  INFO 5291 --- [    Test worker] c.n.discovery.InstanceInfoReplicator     : InstanceInfoReplicator onDemand update allowed rate per min is 4
2018-11-04 13:50:03.890  INFO 5291 --- [    Test worker] com.netflix.discovery.DiscoveryClient    : Discovery Client initialized at timestamp 1541319603888 with initial instances count: 0
2018-11-04 13:50:07.641  INFO 5291 --- [    Test worker] o.s.c.n.zuul.ZuulFilterInitializer       : Starting filter initializer
2018-11-04 13:50:07.759  INFO 5291 --- [    Test worker] o.s.b.a.e.web.EndpointLinksResolver      : Exposing 2 endpoint(s) beneath base path '/actuator'
2018-11-04 13:50:07.987  INFO 5291 --- [    Test worker] c.n.g.GatewayServiceApplicationTests     : Started GatewayServiceApplicationTests in 18.279 seconds (JVM running for 20.41)
]]></system-out>
  <system-err><![CDATA[]]></system-err>
</testsuite>
