<?xml version="1.0" encoding="UTF-8"?>
<testsuite name="com.nuwan.helloservice.HelloServiceApplicationTests" tests="1" skipped="0" failures="0" errors="0" timestamp="2018-11-04T09:38:52" hostname="nuwan-VirtualBox" time="0.408">
  <properties/>
  <testcase name="contextLoads" classname="com.nuwan.helloservice.HelloServiceApplicationTests" time="0.408"/>
  <system-out><![CDATA[15:08:41.698 [Test worker] DEBUG org.springframework.test.context.junit4.SpringJUnit4ClassRunner - SpringJUnit4ClassRunner constructor called with [class com.nuwan.helloservice.HelloServiceApplicationTests]
15:08:41.710 [Test worker] DEBUG org.springframework.test.context.BootstrapUtils - Instantiating CacheAwareContextLoaderDelegate from class [org.springframework.test.context.cache.DefaultCacheAwareContextLoaderDelegate]
15:08:41.730 [Test worker] DEBUG org.springframework.test.context.BootstrapUtils - Instantiating BootstrapContext using constructor [public org.springframework.test.context.support.DefaultBootstrapContext(java.lang.Class,org.springframework.test.context.CacheAwareContextLoaderDelegate)]
15:08:41.763 [Test worker] DEBUG org.springframework.test.context.BootstrapUtils - Instantiating TestContextBootstrapper for test class [com.nuwan.helloservice.HelloServiceApplicationTests] from class [org.springframework.boot.test.context.SpringBootTestContextBootstrapper]
15:08:41.781 [Test worker] INFO org.springframework.boot.test.context.SpringBootTestContextBootstrapper - Neither @ContextConfiguration nor @ContextHierarchy found for test class [com.nuwan.helloservice.HelloServiceApplicationTests], using SpringBootContextLoader
15:08:41.788 [Test worker] DEBUG org.springframework.test.context.support.AbstractContextLoader - Did not detect default resource location for test class [com.nuwan.helloservice.HelloServiceApplicationTests]: class path resource [com/nuwan/helloservice/HelloServiceApplicationTests-context.xml] does not exist
15:08:41.790 [Test worker] DEBUG org.springframework.test.context.support.AbstractContextLoader - Did not detect default resource location for test class [com.nuwan.helloservice.HelloServiceApplicationTests]: class path resource [com/nuwan/helloservice/HelloServiceApplicationTestsContext.groovy] does not exist
15:08:41.791 [Test worker] INFO org.springframework.test.context.support.AbstractContextLoader - Could not detect default resource locations for test class [com.nuwan.helloservice.HelloServiceApplicationTests]: no resource found for suffixes {-context.xml, Context.groovy}.
15:08:41.794 [Test worker] INFO org.springframework.test.context.support.AnnotationConfigContextLoaderUtils - Could not detect default configuration classes for test class [com.nuwan.helloservice.HelloServiceApplicationTests]: HelloServiceApplicationTests does not declare any static, non-private, non-final, nested classes annotated with @Configuration.
15:08:41.890 [Test worker] DEBUG org.springframework.test.context.support.ActiveProfilesUtils - Could not find an 'annotation declaring class' for annotation type [org.springframework.test.context.ActiveProfiles] and class [com.nuwan.helloservice.HelloServiceApplicationTests]
15:08:42.009 [Test worker] DEBUG org.springframework.context.annotation.ClassPathScanningCandidateComponentProvider - Identified candidate component class: file [/home/nuwan/spring-clould-java/hello-service/build/classes/java/main/com/nuwan/helloservice/HelloServiceApplication.class]
15:08:42.011 [Test worker] INFO org.springframework.boot.test.context.SpringBootTestContextBootstrapper - Found @SpringBootConfiguration com.nuwan.helloservice.HelloServiceApplication for test class com.nuwan.helloservice.HelloServiceApplicationTests
15:08:42.237 [Test worker] DEBUG org.springframework.boot.test.context.SpringBootTestContextBootstrapper - @TestExecutionListeners is not present for class [com.nuwan.helloservice.HelloServiceApplicationTests]: using defaults.
15:08:42.239 [Test worker] INFO org.springframework.boot.test.context.SpringBootTestContextBootstrapper - Loaded default TestExecutionListener class names from location [META-INF/spring.factories]: [org.springframework.boot.test.autoconfigure.restdocs.RestDocsTestExecutionListener, org.springframework.boot.test.autoconfigure.web.client.MockRestServiceServerResetTestExecutionListener, org.springframework.boot.test.autoconfigure.web.servlet.MockMvcPrintOnlyOnFailureTestExecutionListener, org.springframework.boot.test.autoconfigure.web.servlet.WebDriverTestExecutionListener, org.springframework.boot.test.mock.mockito.MockitoTestExecutionListener, org.springframework.boot.test.mock.mockito.ResetMocksTestExecutionListener, org.springframework.test.context.web.ServletTestExecutionListener, org.springframework.test.context.support.DirtiesContextBeforeModesTestExecutionListener, org.springframework.test.context.support.DependencyInjectionTestExecutionListener, org.springframework.test.context.support.DirtiesContextTestExecutionListener, org.springframework.test.context.transaction.TransactionalTestExecutionListener, org.springframework.test.context.jdbc.SqlScriptsTestExecutionListener]
15:08:42.256 [Test worker] DEBUG org.springframework.boot.test.context.SpringBootTestContextBootstrapper - Skipping candidate TestExecutionListener [org.springframework.test.context.transaction.TransactionalTestExecutionListener] due to a missing dependency. Specify custom listener classes or make the default listener classes and their required dependencies available. Offending class: [org/springframework/transaction/TransactionDefinition]
15:08:42.257 [Test worker] DEBUG org.springframework.boot.test.context.SpringBootTestContextBootstrapper - Skipping candidate TestExecutionListener [org.springframework.test.context.jdbc.SqlScriptsTestExecutionListener] due to a missing dependency. Specify custom listener classes or make the default listener classes and their required dependencies available. Offending class: [org/springframework/transaction/interceptor/TransactionAttribute]
15:08:42.258 [Test worker] INFO org.springframework.boot.test.context.SpringBootTestContextBootstrapper - Using TestExecutionListeners: [org.springframework.test.context.web.ServletTestExecutionListener@32cf7092, org.springframework.test.context.support.DirtiesContextBeforeModesTestExecutionListener@18d1075f, org.springframework.boot.test.mock.mockito.MockitoTestExecutionListener@682d069, org.springframework.boot.test.autoconfigure.SpringBootDependencyInjectionTestExecutionListener@3540b906, org.springframework.test.context.support.DirtiesContextTestExecutionListener@7cc204dc, org.springframework.boot.test.autoconfigure.restdocs.RestDocsTestExecutionListener@6cb91fe4, org.springframework.boot.test.autoconfigure.web.client.MockRestServiceServerResetTestExecutionListener@7ca89b82, org.springframework.boot.test.autoconfigure.web.servlet.MockMvcPrintOnlyOnFailureTestExecutionListener@4c908598, org.springframework.boot.test.autoconfigure.web.servlet.WebDriverTestExecutionListener@20188c32, org.springframework.boot.test.mock.mockito.ResetMocksTestExecutionListener@47af1ea]
15:08:42.264 [Test worker] DEBUG org.springframework.test.annotation.ProfileValueUtils - Retrieved @ProfileValueSourceConfiguration [null] for test class [com.nuwan.helloservice.HelloServiceApplicationTests]
15:08:42.272 [Test worker] DEBUG org.springframework.test.annotation.ProfileValueUtils - Retrieved ProfileValueSource type [class org.springframework.test.annotation.SystemProfileValueSource] for class [com.nuwan.helloservice.HelloServiceApplicationTests]
15:08:42.273 [Test worker] DEBUG org.springframework.test.annotation.ProfileValueUtils - Retrieved @ProfileValueSourceConfiguration [null] for test class [com.nuwan.helloservice.HelloServiceApplicationTests]
15:08:42.275 [Test worker] DEBUG org.springframework.test.annotation.ProfileValueUtils - Retrieved ProfileValueSource type [class org.springframework.test.annotation.SystemProfileValueSource] for class [com.nuwan.helloservice.HelloServiceApplicationTests]
15:08:42.282 [Test worker] DEBUG org.springframework.test.context.support.AbstractDirtiesContextTestExecutionListener - Before test class: context [DefaultTestContext@39591849 testClass = HelloServiceApplicationTests, testInstance = [null], testMethod = [null], testException = [null], mergedContextConfiguration = [WebMergedContextConfiguration@579b762e testClass = HelloServiceApplicationTests, locations = '{}', classes = '{class com.nuwan.helloservice.HelloServiceApplication}', contextInitializerClasses = '[]', activeProfiles = '{}', propertySourceLocations = '{}', propertySourceProperties = '{org.springframework.boot.test.context.SpringBootTestContextBootstrapper=true}', contextCustomizers = set[org.springframework.boot.test.autoconfigure.properties.PropertyMappingContextCustomizer@0, org.springframework.boot.test.autoconfigure.web.servlet.WebDriverContextCustomizerFactory$Customizer@79e63c7e, org.springframework.boot.test.context.filter.ExcludeFilterContextCustomizer@35d2e552, org.springframework.boot.test.json.DuplicateJsonObjectContextCustomizerFactory$DuplicateJsonObjectContextCustomizer@50aa364c, org.springframework.boot.test.mock.mockito.MockitoContextCustomizer@0, org.springframework.boot.test.web.client.TestRestTemplateContextCustomizer@3d2a8c21], resourceBasePath = 'src/main/webapp', contextLoader = 'org.springframework.boot.test.context.SpringBootContextLoader', parent = [null]], attributes = map['org.springframework.test.context.web.ServletTestExecutionListener.activateListener' -> true]], class annotated with @DirtiesContext [false] with mode [null].
15:08:42.283 [Test worker] DEBUG org.springframework.test.annotation.ProfileValueUtils - Retrieved @ProfileValueSourceConfiguration [null] for test class [com.nuwan.helloservice.HelloServiceApplicationTests]
15:08:42.284 [Test worker] DEBUG org.springframework.test.annotation.ProfileValueUtils - Retrieved ProfileValueSource type [class org.springframework.test.annotation.SystemProfileValueSource] for class [com.nuwan.helloservice.HelloServiceApplicationTests]
15:08:42.338 [Test worker] DEBUG org.springframework.test.context.support.TestPropertySourceUtils - Adding inlined properties to environment: {spring.jmx.enabled=false, org.springframework.boot.test.context.SpringBootTestContextBootstrapper=true, server.port=-1}
2018-11-04 15:08:44.142  INFO 8623 --- [    Test worker] trationDelegate$BeanPostProcessorChecker : Bean 'configurationPropertiesRebinderAutoConfiguration' of type [org.springframework.cloud.autoconfigure.ConfigurationPropertiesRebinderAutoConfiguration$$EnhancerBySpringCGLIB$$b75c4003] is not eligible for getting processed by all BeanPostProcessors (for example: not eligible for auto-proxying)

  .   ____          _            __ _ _
 /\\ / ___'_ __ _ _(_)_ __  __ _ \ \ \ \
( ( )\___ | '_ | '_| | '_ \/ _` | \ \ \ \
 \\/  ___)| |_)| | | | | || (_| |  ) ) ) )
  '  |____| .__|_| |_|_| |_\__, | / / / /
 =========|_|==============|___/=/_/_/_/
 :: Spring Boot ::        (v2.1.0.RELEASE)

2018-11-04 15:08:44.538  INFO 8623 --- [    Test worker] c.n.h.HelloServiceApplicationTests       : No active profile set, falling back to default profiles: default
2018-11-04 15:08:45.988  INFO 8623 --- [    Test worker] o.s.cloud.context.scope.GenericScope     : BeanFactory id=b0f8d85c-3ae9-329c-abc1-994c66fefa17
2018-11-04 15:08:46.352  INFO 8623 --- [    Test worker] trationDelegate$BeanPostProcessorChecker : Bean 'org.springframework.cloud.autoconfigure.ConfigurationPropertiesRebinderAutoConfiguration' of type [org.springframework.cloud.autoconfigure.ConfigurationPropertiesRebinderAutoConfiguration$$EnhancerBySpringCGLIB$$b75c4003] is not eligible for getting processed by all BeanPostProcessors (for example: not eligible for auto-proxying)
2018-11-04 15:08:47.437  WARN 8623 --- [    Test worker] c.n.c.sources.URLConfigurationSource     : No URLs will be polled as dynamic configuration sources.
2018-11-04 15:08:47.437  INFO 8623 --- [    Test worker] c.n.c.sources.URLConfigurationSource     : To enable URLs as dynamic configuration sources, define System property archaius.configurationSource.additionalUrls or make config.properties available on classpath.
2018-11-04 15:08:47.448  WARN 8623 --- [    Test worker] c.n.c.sources.URLConfigurationSource     : No URLs will be polled as dynamic configuration sources.
2018-11-04 15:08:47.449  INFO 8623 --- [    Test worker] c.n.c.sources.URLConfigurationSource     : To enable URLs as dynamic configuration sources, define System property archaius.configurationSource.additionalUrls or make config.properties available on classpath.
2018-11-04 15:08:48.175  INFO 8623 --- [    Test worker] o.s.s.concurrent.ThreadPoolTaskExecutor  : Initializing ExecutorService 'applicationTaskExecutor'
2018-11-04 15:08:49.496  INFO 8623 --- [    Test worker] o.s.c.n.eureka.InstanceInfoFactory       : Setting initial instance status as: STARTING
2018-11-04 15:08:49.592  INFO 8623 --- [    Test worker] com.netflix.discovery.DiscoveryClient    : Initializing Eureka in region us-east-1
2018-11-04 15:08:50.166  INFO 8623 --- [    Test worker] c.n.d.provider.DiscoveryJerseyProvider   : Using JSON encoding codec LegacyJacksonJson
2018-11-04 15:08:50.172  INFO 8623 --- [    Test worker] c.n.d.provider.DiscoveryJerseyProvider   : Using JSON decoding codec LegacyJacksonJson
2018-11-04 15:08:50.371  INFO 8623 --- [    Test worker] c.n.d.provider.DiscoveryJerseyProvider   : Using XML encoding codec XStreamXml
2018-11-04 15:08:50.371  INFO 8623 --- [    Test worker] c.n.d.provider.DiscoveryJerseyProvider   : Using XML decoding codec XStreamXml
2018-11-04 15:08:50.885  INFO 8623 --- [    Test worker] c.n.d.s.r.aws.ConfigClusterResolver      : Resolving eureka endpoints via configuration
2018-11-04 15:08:50.947  INFO 8623 --- [    Test worker] com.netflix.discovery.DiscoveryClient    : Disable delta property : false
2018-11-04 15:08:50.948  INFO 8623 --- [    Test worker] com.netflix.discovery.DiscoveryClient    : Single vip registry refresh property : null
2018-11-04 15:08:50.949  INFO 8623 --- [    Test worker] com.netflix.discovery.DiscoveryClient    : Force full registry fetch : false
2018-11-04 15:08:50.950  INFO 8623 --- [    Test worker] com.netflix.discovery.DiscoveryClient    : Application is null : false
2018-11-04 15:08:50.951  INFO 8623 --- [    Test worker] com.netflix.discovery.DiscoveryClient    : Registered Applications size is zero : true
2018-11-04 15:08:50.953  INFO 8623 --- [    Test worker] com.netflix.discovery.DiscoveryClient    : Application version is -1: true
2018-11-04 15:08:50.955  INFO 8623 --- [    Test worker] com.netflix.discovery.DiscoveryClient    : Getting all instance registry info from the eureka server
2018-11-04 15:08:51.556  INFO 8623 --- [    Test worker] com.netflix.discovery.DiscoveryClient    : The response status is 200
2018-11-04 15:08:51.561  INFO 8623 --- [    Test worker] com.netflix.discovery.DiscoveryClient    : Starting heartbeat executor: renew interval is: 30
2018-11-04 15:08:51.567  INFO 8623 --- [    Test worker] c.n.discovery.InstanceInfoReplicator     : InstanceInfoReplicator onDemand update allowed rate per min is 4
2018-11-04 15:08:51.580  INFO 8623 --- [    Test worker] com.netflix.discovery.DiscoveryClient    : Discovery Client initialized at timestamp 1541324331577 with initial instances count: 3
2018-11-04 15:08:51.985  INFO 8623 --- [    Test worker] c.n.h.HelloServiceApplicationTests       : Started HelloServiceApplicationTests in 9.632 seconds (JVM running for 11.589)
]]></system-out>
  <system-err><![CDATA[]]></system-err>
</testsuite>
